

Version:	3.12
CmdLine:	D:\PEN\Projects\Java\case_Study_COURSEWORK\case_Study_COURSEWORK\dist\gym.exe --l4j-debug
WOW64:		no
Working dir:	D:\PEN\Projects\Java\case_Study_COURSEWORK\case_Study_COURSEWORK\dist\.
Java min ver:	1.008.000_111
Java max ver:	1.009.000
32-bit search:	SOFTWARE\JavaSoft\Java Runtime Environment...
Check:		SOFTWARE\JavaSoft\Java Runtime Environment\1.8
Ignore:		1.008.000
Check:		SOFTWARE\JavaSoft\Java Runtime Environment\1.8.0_202
Check launcher:	C:\Program Files\Java\jre1.8.0_202\bin\javaw.exe (OK)
Match:		1.008.000_202
32-bit search:	SOFTWARE\JavaSoft\Java Development Kit...
32-bit search:	SOFTWARE\JavaSoft\JRE...
32-bit search:	SOFTWARE\JavaSoft\JDK...
Runtime used:	1.008.000_202 (32-bit)
Launcher:	C:\Program Files\Java\jre1.8.0_202\bin\javaw.exe
Launcher args:	-jar "D:\PEN\Projects\Java\case_Study_COURSEWORK\case_Study_COURSEWORK\dist\gym.exe"
Args length:	84/32768 chars
Error msg:	An error occurred while starting the application.


Version:	3.12
CmdLine:	D:\PEN\Projects\Java\case_Study_COURSEWORK\case_Study_COURSEWORK\dist\gym.exe --l4j-debug
WOW64:		no
Working dir:	D:\PEN\Projects\Java\case_Study_COURSEWORK\case_Study_COURSEWORK\dist\.
Java min ver:	1.008.000_111
Java max ver:	1.009.000
32-bit search:	SOFTWARE\JavaSoft\Java Runtime Environment...
Check:		SOFTWARE\JavaSoft\Java Runtime Environment\1.8
Ignore:		1.008.000
Check:		SOFTWARE\JavaSoft\Java Runtime Environment\1.8.0_202
Check launcher:	C:\Program Files\Java\jre1.8.0_202\bin\javaw.exe (OK)
Match:		1.008.000_202
32-bit search:	SOFTWARE\JavaSoft\Java Development Kit...
32-bit search:	SOFTWARE\JavaSoft\JRE...
32-bit search:	SOFTWARE\JavaSoft\JDK...
Runtime used:	1.008.000_202 (32-bit)
Launcher:	C:\Program Files\Java\jre1.8.0_202\bin\javaw.exe
Launcher args:	-jar "D:\PEN\Projects\Java\case_Study_COURSEWORK\case_Study_COURSEWORK\dist\gym.exe"
Args length:	84/32768 chars
Error msg:	An error occurred while starting the application.


Version:	3.12
CmdLine:	D:\PEN\Projects\Java\case_Study_COURSEWORK\case_Study_COURSEWORK\dist\gym.exe --l4j-debug
WOW64:		no
Working dir:	D:\PEN\Projects\Java\case_Study_COURSEWORK\case_Study_COURSEWORK\dist\.
Java min ver:	1.008.000_111
Java max ver:	1.009.000
32-bit search:	SOFTWARE\JavaSoft\Java Runtime Environment...
Check:		SOFTWARE\JavaSoft\Java Runtime Environment\1.8
Ignore:		1.008.000
Check:		SOFTWARE\JavaSoft\Java Runtime Environment\1.8.0_202
Check launcher:	C:\Program Files\Java\jre1.8.0_202\bin\javaw.exe (OK)
Match:		1.008.000_202
32-bit search:	SOFTWARE\JavaSoft\Java Development Kit...
32-bit search:	SOFTWARE\JavaSoft\JRE...
32-bit search:	SOFTWARE\JavaSoft\JDK...
Runtime used:	1.008.000_202 (32-bit)
Launcher:	C:\Program Files\Java\jre1.8.0_202\bin\javaw.exe
Launcher args:	-jar "D:\PEN\Projects\Java\case_Study_COURSEWORK\case_Study_COURSEWORK\dist\gym.exe"
Args length:	84/32768 chars
Error msg:	An error occurred while starting the application.


Version:	3.12
CmdLine:	D:\PEN\Projects\Java\case_Study_COURSEWORK\case_Study_COURSEWORK\dist\gym.exe --l4j-debug
WOW64:		no
Working dir:	D:\PEN\Projects\Java\case_Study_COURSEWORK\case_Study_COURSEWORK\dist\.
Java min ver:	1.008.000_111
Java max ver:	1.009.000
32-bit search:	SOFTWARE\JavaSoft\Java Runtime Environment...
Check:		SOFTWARE\JavaSoft\Java Runtime Environment\1.8
Ignore:		1.008.000
Check:		SOFTWARE\JavaSoft\Java Runtime Environment\1.8.0_202
Check launcher:	C:\Program Files\Java\jre1.8.0_202\bin\javaw.exe (OK)
Match:		1.008.000_202
32-bit search:	SOFTWARE\JavaSoft\Java Development Kit...
32-bit search:	SOFTWARE\JavaSoft\JRE...
32-bit search:	SOFTWARE\JavaSoft\JDK...
Runtime used:	1.008.000_202 (32-bit)
Launcher:	C:\Program Files\Java\jre1.8.0_202\bin\javaw.exe
Launcher args:	-jar "D:\PEN\Projects\Java\case_Study_COURSEWORK\case_Study_COURSEWORK\dist\gym.exe"
Args length:	84/32768 chars
Error msg:	An error occurred while starting the application.


Version:	3.12
CmdLine:	D:\PEN\Projects\Java\case_Study_COURSEWORK\case_Study_COURSEWORK\dist\gym.exe --l4j-debug
WOW64:		no
Working dir:	D:\PEN\Projects\Java\case_Study_COURSEWORK\case_Study_COURSEWORK\dist\.
Java min ver:	1.008.000_111
Java max ver:	1.009.000
32-bit search:	SOFTWARE\JavaSoft\Java Runtime Environment...
Check:		SOFTWARE\JavaSoft\Java Runtime Environment\1.8
Ignore:		1.008.000
Check:		SOFTWARE\JavaSoft\Java Runtime Environment\1.8.0_202
Check launcher:	C:\Program Files\Java\jre1.8.0_202\bin\javaw.exe (OK)
Match:		1.008.000_202
32-bit search:	SOFTWARE\JavaSoft\Java Development Kit...
32-bit search:	SOFTWARE\JavaSoft\JRE...
32-bit search:	SOFTWARE\JavaSoft\JDK...
Runtime used:	1.008.000_202 (32-bit)
Launcher:	C:\Program Files\Java\jre1.8.0_202\bin\javaw.exe
Launcher args:	-jar "D:\PEN\Projects\Java\case_Study_COURSEWORK\case_Study_COURSEWORK\dist\gym.exe"
Args length:	84/32768 chars
Error msg:	An error occurred while starting the application.


Version:	3.12
CmdLine:	D:\PEN\Projects\Java\case_Study_COURSEWORK\case_Study_COURSEWORK\dist\gym.exe --l4j-debug
WOW64:		no
Working dir:	D:\PEN\Projects\Java\case_Study_COURSEWORK\case_Study_COURSEWORK\dist\.
Java min ver:	1.001.000
Java max ver:	
32-bit search:	SOFTWARE\JavaSoft\Java Runtime Environment...
Check:		SOFTWARE\JavaSoft\Java Runtime Environment\1.8
Check launcher:	C:\Program Files\Java\jre1.8.0_202\bin\javaw.exe (OK)
Match:		1.008.000
Check:		SOFTWARE\JavaSoft\Java Runtime Environment\1.8.0_202
Check launcher:	C:\Program Files\Java\jre1.8.0_202\bin\javaw.exe (OK)
Match:		1.008.000_202
32-bit search:	SOFTWARE\JavaSoft\Java Development Kit...
32-bit search:	SOFTWARE\JavaSoft\JRE...
32-bit search:	SOFTWARE\JavaSoft\JDK...
Runtime used:	1.008.000_202 (32-bit)
Launcher:	C:\Program Files\Java\jre1.8.0_202\bin\javaw.exe
Launcher args:	-jar "D:\PEN\Projects\Java\case_Study_COURSEWORK\case_Study_COURSEWORK\dist\gym.exe"
Args length:	84/32768 chars
Error msg:	An error occurred while starting the application.
Open URL:	https://github.com/vunf1/case_Study_COURSEWORK


Version:	3.12
CmdLine:	D:\PEN\Projects\Java\case_Study_COURSEWORK\case_Study_COURSEWORK\dist\gym.exe --l4j-debug
WOW64:		no
Working dir:	D:\PEN\Projects\Java\case_Study_COURSEWORK\case_Study_COURSEWORK\dist\.
Java min ver:	1.001.000
Java max ver:	
32-bit search:	SOFTWARE\JavaSoft\Java Runtime Environment...
Check:		SOFTWARE\JavaSoft\Java Runtime Environment\1.8
Check launcher:	C:\Program Files\Java\jre1.8.0_202\bin\javaw.exe (OK)
Match:		1.008.000
Check:		SOFTWARE\JavaSoft\Java Runtime Environment\1.8.0_201
Check launcher:	C:\Program Files\Java\jre1.8.0_201\bin\javaw.exe (OK)
Match:		1.008.000_201
Check:		SOFTWARE\JavaSoft\Java Runtime Environment\1.8.0_202
Check launcher:	C:\Program Files\Java\jre1.8.0_202\bin\javaw.exe (OK)
Match:		1.008.000_202
32-bit search:	SOFTWARE\JavaSoft\Java Development Kit...
32-bit search:	SOFTWARE\JavaSoft\JRE...
32-bit search:	SOFTWARE\JavaSoft\JDK...
Runtime used:	1.008.000_202 (32-bit)
Launcher:	C:\Program Files\Java\jre1.8.0_202\bin\javaw.exe
Launcher args:	-jar "D:\PEN\Projects\Java\case_Study_COURSEWORK\case_Study_COURSEWORK\dist\gym.exe"
Args length:	84/32768 chars
Error msg:	An error occurred while starting the application.
Open URL:	https://github.com/vunf1/case_Study_COURSEWORK


Version:	3.12
CmdLine:	D:\PEN\Projects\Java\case_Study_COURSEWORK\case_Study_COURSEWORK\dist\gym.exe --l4j-debug
WOW64:		no
Working dir:	D:\PEN\Projects\Java\case_Study_COURSEWORK\case_Study_COURSEWORK\dist\.
Java min ver:	1.001.000
Java max ver:	
32-bit search:	SOFTWARE\JavaSoft\Java Runtime Environment...
Check:		SOFTWARE\JavaSoft\Java Runtime Environment\1.8
Check launcher:	C:\Program Files\Java\jre1.8.0_202\bin\javaw.exe (OK)
Match:		1.008.000
Check:		SOFTWARE\JavaSoft\Java Runtime Environment\1.8.0_201
Check launcher:	C:\Program Files\Java\jre1.8.0_201\bin\javaw.exe (OK)
Match:		1.008.000_201
Check:		SOFTWARE\JavaSoft\Java Runtime Environment\1.8.0_202
Check launcher:	C:\Program Files\Java\jre1.8.0_202\bin\javaw.exe (OK)
Match:		1.008.000_202
32-bit search:	SOFTWARE\JavaSoft\Java Development Kit...
32-bit search:	SOFTWARE\JavaSoft\JRE...
32-bit search:	SOFTWARE\JavaSoft\JDK...
Runtime used:	1.008.000_202 (32-bit)
Launcher:	C:\Program Files\Java\jre1.8.0_202\bin\javaw.exe
Launcher args:	-jar "D:\PEN\Projects\Java\case_Study_COURSEWORK\case_Study_COURSEWORK\dist\gym.exe"
Args length:	84/32768 chars
Error msg:	An error occurred while starting the application.
Open URL:	https://github.com/vunf1/case_Study_COURSEWORK


Version:	3.12
CmdLine:	D:\PEN\Projects\Java\case_Study_COURSEWORK\case_Study_COURSEWORK\dist\gym.exe --l4j-debug
WOW64:		no
Working dir:	D:\PEN\Projects\Java\case_Study_COURSEWORK\case_Study_COURSEWORK\dist\.
Java min ver:	1.001.000
Java max ver:	
32-bit search:	SOFTWARE\JavaSoft\Java Runtime Environment...
Check:		SOFTWARE\JavaSoft\Java Runtime Environment\1.8
Check launcher:	C:\Program Files\Java\jre1.8.0_202\bin\javaw.exe (OK)
Match:		1.008.000
Check:		SOFTWARE\JavaSoft\Java Runtime Environment\1.8.0_201
Check launcher:	C:\Program Files\Java\jre1.8.0_201\bin\javaw.exe (OK)
Match:		1.008.000_201
Check:		SOFTWARE\JavaSoft\Java Runtime Environment\1.8.0_202
Check launcher:	C:\Program Files\Java\jre1.8.0_202\bin\javaw.exe (OK)
Match:		1.008.000_202
32-bit search:	SOFTWARE\JavaSoft\Java Development Kit...
32-bit search:	SOFTWARE\JavaSoft\JRE...
32-bit search:	SOFTWARE\JavaSoft\JDK...
Runtime used:	1.008.000_202 (32-bit)
Launcher:	C:\Program Files\Java\jre1.8.0_202\bin\javaw.exe
Launcher args:	-jar "D:\PEN\Projects\Java\case_Study_COURSEWORK\case_Study_COURSEWORK\dist\gym.exe"
Args length:	84/32768 chars
Error msg:	An error occurred while starting the application.
Open URL:	https://github.com/vunf1/case_Study_COURSEWORK


Version:	3.12
CmdLine:	D:\PEN\Projects\Java\case_Study_COURSEWORK\case_Study_COURSEWORK\dist\gym.exe --l4j-debug
WOW64:		no
Working dir:	D:\PEN\Projects\Java\case_Study_COURSEWORK\case_Study_COURSEWORK\dist\.
Java min ver:	1.001.000
Java max ver:	
32-bit search:	SOFTWARE\JavaSoft\Java Runtime Environment...
Check:		SOFTWARE\JavaSoft\Java Runtime Environment\1.8
Check launcher:	C:\Program Files\Java\jre1.8.0_202\bin\javaw.exe (OK)
Match:		1.008.000
Check:		SOFTWARE\JavaSoft\Java Runtime Environment\1.8.0_201
Check launcher:	C:\Program Files\Java\jre1.8.0_201\bin\javaw.exe (OK)
Match:		1.008.000_201
Check:		SOFTWARE\JavaSoft\Java Runtime Environment\1.8.0_202
Check launcher:	C:\Program Files\Java\jre1.8.0_202\bin\javaw.exe (OK)
Match:		1.008.000_202
32-bit search:	SOFTWARE\JavaSoft\Java Development Kit...
32-bit search:	SOFTWARE\JavaSoft\JRE...
32-bit search:	SOFTWARE\JavaSoft\JDK...
Runtime used:	1.008.000_202 (32-bit)
Launcher:	C:\Program Files\Java\jre1.8.0_202\bin\javaw.exe
Launcher args:	-jar "D:\PEN\Projects\Java\case_Study_COURSEWORK\case_Study_COURSEWORK\dist\gym.exe"
Args length:	84/32768 chars
Exit code:	0
